[0.023s] Invoking command in '/home/alt_bea/Documents/code/moveit2/moveit_ws/src/hello_moveit/build/hello_moveit': CMAKE_PREFIX_PATH=/opt/ros/humble /usr/bin/cmake /home/alt_bea/Documents/code/moveit2/moveit_ws/src/hello_moveit -DCMAKE_INSTALL_PREFIX=/home/alt_bea/Documents/code/moveit2/moveit_ws/src/hello_moveit/install/hello_moveit
[0.200s] -- The C compiler identification is GNU 11.4.0
[0.398s] -- The CXX compiler identification is GNU 11.4.0
[0.424s] -- Detecting C compiler ABI info
[0.641s] -- Detecting C compiler ABI info - done
[0.670s] -- Check for working C compiler: /usr/bin/cc - skipped
[0.680s] -- Detecting C compile features
[0.683s] -- Detecting C compile features - done
[0.694s] -- Detecting CXX compiler ABI info
[0.936s] -- Detecting CXX compiler ABI info - done
[0.963s] -- Check for working CXX compiler: /usr/bin/c++ - skipped
[0.963s] -- Detecting CXX compile features
[0.965s] -- Detecting CXX compile features - done
[0.988s] -- Found ament_cmake: 1.3.12 (/opt/ros/humble/share/ament_cmake/cmake)
[1.356s] -- Found Python3: /usr/bin/python3 (found version "3.10.12") found components: Interpreter 
[1.503s] -- Found moveit_ros_planning_interface: 2.5.9 (/opt/ros/humble/share/moveit_ros_planning_interface/cmake)
[1.885s] -- Found Boost: /usr/lib/x86_64-linux-gnu/cmake/Boost-1.74.0/BoostConfig.cmake (found version "1.74.0") found components: date_time filesystem program_options system thread 
[2.059s] -- Found rosidl_generator_c: 3.1.8 (/opt/ros/humble/share/rosidl_generator_c/cmake)
[2.076s] -- Found rosidl_adapter: 3.1.8 (/opt/ros/humble/share/rosidl_adapter/cmake)
[2.104s] -- Found rosidl_generator_cpp: 3.1.8 (/opt/ros/humble/share/rosidl_generator_cpp/cmake)
[2.129s] -- Using all available rosidl_typesupport_c: rosidl_typesupport_fastrtps_c;rosidl_typesupport_introspection_c
[2.155s] -- Using all available rosidl_typesupport_cpp: rosidl_typesupport_fastrtps_cpp;rosidl_typesupport_introspection_cpp
[2.479s] -- Found Boost: /usr/lib/x86_64-linux-gnu/cmake/Boost-1.74.0/BoostConfig.cmake (found version "1.74.0") found components: chrono date_time filesystem iostreams program_options regex serialization system thread 
[2.551s] -- Found parameter_traits: 0.6.0 (/opt/ros/humble/share/parameter_traits/cmake)
[2.619s] -- Found rmw_implementation_cmake: 6.1.2 (/opt/ros/humble/share/rmw_implementation_cmake/cmake)
[2.623s] -- Found rmw_fastrtps_cpp: 6.2.9 (/opt/ros/humble/share/rmw_fastrtps_cpp/cmake)
[2.745s] -- Found OpenSSL: /usr/lib/x86_64-linux-gnu/libcrypto.so (found version "3.0.2")  
[2.779s] -- Found FastRTPS: /opt/ros/humble/include  
[2.838s] -- Using RMW implementation 'rmw_fastrtps_cpp' as default
[2.855s] -- Found Threads: TRUE  
[2.954s] -- Found rclcpp_lifecycle: 16.0.17 (/opt/ros/humble/share/rclcpp_lifecycle/cmake)
[3.002s] -- Found Boost: /usr/lib/x86_64-linux-gnu/cmake/Boost-1.74.0/BoostConfig.cmake (found version "1.74.0") found components: filesystem 
[3.110s] -- library: /usr/lib/x86_64-linux-gnu/libcurl.so
[3.170s] -- Found Eigen3: TRUE (found version "3.4.0") 
[3.170s] -- Ensuring Eigen3 include directory is part of orocos-kdl CMake target
[3.387s] -- Found Boost: /usr/lib/x86_64-linux-gnu/cmake/Boost-1.74.0/BoostConfig.cmake (found version "1.74.0") found components: system filesystem date_time program_options thread chrono 
[3.437s] -- Found Boost: /usr/lib/x86_64-linux-gnu/cmake/Boost-1.74.0/BoostConfig.cmake (found version "1.74.0") found components: thread system filesystem regex date_time program_options 
[3.472s] -- Found Boost: /usr/lib/x86_64-linux-gnu/cmake/Boost-1.74.0/BoostConfig.cmake (found version "1.74.0") found components: system filesystem date_time program_options thread 
[3.531s] CMake Error at CMakeLists.txt:12 (find_package):
[3.531s]   By not providing "Findmoveit_visual_tools.cmake" in CMAKE_MODULE_PATH this
[3.532s]   project has asked CMake to find a package configuration file provided by
[3.532s]   "moveit_visual_tools", but CMake did not find one.
[3.532s] 
[3.532s]   Could not find a package configuration file provided by
[3.532s]   "moveit_visual_tools" with any of the following names:
[3.532s] 
[3.532s]     moveit_visual_toolsConfig.cmake
[3.532s]     moveit_visual_tools-config.cmake
[3.532s] 
[3.532s]   Add the installation prefix of "moveit_visual_tools" to CMAKE_PREFIX_PATH
[3.532s]   or set "moveit_visual_tools_DIR" to a directory containing one of the above
[3.532s]   files.  If "moveit_visual_tools" provides a separate development package or
[3.532s]   SDK, be sure it has been installed.
[3.533s] 
[3.533s] 
[3.533s] -- Configuring incomplete, errors occurred!
[3.533s] See also "/home/alt_bea/Documents/code/moveit2/moveit_ws/src/hello_moveit/build/hello_moveit/CMakeFiles/CMakeOutput.log".
[3.547s] Invoked command in '/home/alt_bea/Documents/code/moveit2/moveit_ws/src/hello_moveit/build/hello_moveit' returned '1': CMAKE_PREFIX_PATH=/opt/ros/humble /usr/bin/cmake /home/alt_bea/Documents/code/moveit2/moveit_ws/src/hello_moveit -DCMAKE_INSTALL_PREFIX=/home/alt_bea/Documents/code/moveit2/moveit_ws/src/hello_moveit/install/hello_moveit
